<?xml version="1.0" encoding="UTF-8"?>
<!-- Generated by org.testng.reporters.JUnitXMLReporter -->
<testsuite hostname="G1C2ML15656" ignored="0" name="Default test" tests="2" failures="0" timestamp="28 Aug 2018 12:27:06 GMT" time="4.671" errors="0">
  <testcase name="loginTest" time="0.0" classname="com.bookmyroom.testng.ApplicationTest">
    <skipped/>
  </testcase> <!-- loginTest -->
  <testcase name="signUpTest" time="0.0" classname="com.bookmyroom.testng.ApplicationTest">
    <skipped/>
  </testcase> <!-- signUpTest -->
</testsuite> <!-- Default test -->
