<?xml version="1.0" encoding="UTF-8"?>
<!-- Generated by org.testng.reporters.JUnitXMLReporter -->
<testsuite hostname="G1C2ML15656" ignored="0" name="Test" tests="21" failures="20" timestamp="28 Aug 2018 12:37:12 GMT" time="6.643" errors="0">
  <testcase name="loginTest" time="0.0" classname="com.bookmyroom.testng.ApplicationTest">
    <skipped/>
  </testcase> <!-- loginTest -->
  <testcase name="signUpTest" time="0.015" classname="com.bookmyroom.testng.ApplicationTest">
    <failure type="java.lang.NullPointerException">
      <![CDATA[java.lang.NullPointerException
at com.bookmyroom.pages.SignUpPage.signUp(SignUpPage.java:25)
at com.bookmyroom.testng.ApplicationTest.signUpTest(ApplicationTest.java:41)
... Removed 25 stack frames]]>
    </failure>
  </testcase> <!-- signUpTest -->
  <testcase name="signUpTest" time="0.003" classname="com.bookmyroom.testng.ApplicationTest">
    <failure type="java.lang.NullPointerException">
      <![CDATA[java.lang.NullPointerException
at com.bookmyroom.pages.SignUpPage.signUp(SignUpPage.java:25)
at com.bookmyroom.testng.ApplicationTest.signUpTest(ApplicationTest.java:41)
... Removed 25 stack frames]]>
    </failure>
  </testcase> <!-- signUpTest -->
  <testcase name="signUpTest" time="0.003" classname="com.bookmyroom.testng.ApplicationTest">
    <failure type="java.lang.NullPointerException">
      <![CDATA[java.lang.NullPointerException
at com.bookmyroom.pages.SignUpPage.signUp(SignUpPage.java:25)
at com.bookmyroom.testng.ApplicationTest.signUpTest(ApplicationTest.java:41)
... Removed 25 stack frames]]>
    </failure>
  </testcase> <!-- signUpTest -->
  <testcase name="signUpTest" time="0.004" classname="com.bookmyroom.testng.ApplicationTest">
    <failure type="java.lang.NullPointerException">
      <![CDATA[java.lang.NullPointerException
at com.bookmyroom.pages.SignUpPage.signUp(SignUpPage.java:25)
at com.bookmyroom.testng.ApplicationTest.signUpTest(ApplicationTest.java:41)
... Removed 25 stack frames]]>
    </failure>
  </testcase> <!-- signUpTest -->
  <testcase name="signUpTest" time="0.004" classname="com.bookmyroom.testng.ApplicationTest">
    <failure type="java.lang.NullPointerException">
      <![CDATA[java.lang.NullPointerException
at com.bookmyroom.pages.SignUpPage.signUp(SignUpPage.java:25)
at com.bookmyroom.testng.ApplicationTest.signUpTest(ApplicationTest.java:41)
... Removed 25 stack frames]]>
    </failure>
  </testcase> <!-- signUpTest -->
  <testcase name="signUpTest" time="0.008" classname="com.bookmyroom.testng.ApplicationTest">
    <failure type="java.lang.NullPointerException">
      <![CDATA[java.lang.NullPointerException
at com.bookmyroom.pages.SignUpPage.signUp(SignUpPage.java:25)
at com.bookmyroom.testng.ApplicationTest.signUpTest(ApplicationTest.java:41)
... Removed 25 stack frames]]>
    </failure>
  </testcase> <!-- signUpTest -->
  <testcase name="signUpTest" time="0.006" classname="com.bookmyroom.testng.ApplicationTest">
    <failure type="java.lang.NullPointerException">
      <![CDATA[java.lang.NullPointerException
at com.bookmyroom.pages.SignUpPage.signUp(SignUpPage.java:25)
at com.bookmyroom.testng.ApplicationTest.signUpTest(ApplicationTest.java:41)
... Removed 25 stack frames]]>
    </failure>
  </testcase> <!-- signUpTest -->
  <testcase name="signUpTest" time="0.004" classname="com.bookmyroom.testng.ApplicationTest">
    <failure type="java.lang.NullPointerException">
      <![CDATA[java.lang.NullPointerException
at com.bookmyroom.pages.SignUpPage.signUp(SignUpPage.java:25)
at com.bookmyroom.testng.ApplicationTest.signUpTest(ApplicationTest.java:41)
... Removed 25 stack frames]]>
    </failure>
  </testcase> <!-- signUpTest -->
  <testcase name="signUpTest" time="0.006" classname="com.bookmyroom.testng.ApplicationTest">
    <failure type="java.lang.NullPointerException">
      <![CDATA[java.lang.NullPointerException
at com.bookmyroom.pages.SignUpPage.signUp(SignUpPage.java:25)
at com.bookmyroom.testng.ApplicationTest.signUpTest(ApplicationTest.java:41)
... Removed 25 stack frames]]>
    </failure>
  </testcase> <!-- signUpTest -->
  <testcase name="signUpTest" time="0.002" classname="com.bookmyroom.testng.ApplicationTest">
    <failure type="java.lang.NullPointerException">
      <![CDATA[java.lang.NullPointerException
at com.bookmyroom.pages.SignUpPage.signUp(SignUpPage.java:25)
at com.bookmyroom.testng.ApplicationTest.signUpTest(ApplicationTest.java:41)
... Removed 25 stack frames]]>
    </failure>
  </testcase> <!-- signUpTest -->
  <testcase name="signUpTest" time="0.015" classname="com.bookmyroom.testng.ApplicationTest">
    <failure type="java.lang.NullPointerException">
      <![CDATA[java.lang.NullPointerException
at com.bookmyroom.pages.SignUpPage.signUp(SignUpPage.java:25)
at com.bookmyroom.testng.ApplicationTest.signUpTest(ApplicationTest.java:41)
... Removed 25 stack frames]]>
    </failure>
  </testcase> <!-- signUpTest -->
  <testcase name="signUpTest" time="0.003" classname="com.bookmyroom.testng.ApplicationTest">
    <failure type="java.lang.NullPointerException">
      <![CDATA[java.lang.NullPointerException
at com.bookmyroom.pages.SignUpPage.signUp(SignUpPage.java:25)
at com.bookmyroom.testng.ApplicationTest.signUpTest(ApplicationTest.java:41)
... Removed 25 stack frames]]>
    </failure>
  </testcase> <!-- signUpTest -->
  <testcase name="signUpTest" time="0.003" classname="com.bookmyroom.testng.ApplicationTest">
    <failure type="java.lang.NullPointerException">
      <![CDATA[java.lang.NullPointerException
at com.bookmyroom.pages.SignUpPage.signUp(SignUpPage.java:25)
at com.bookmyroom.testng.ApplicationTest.signUpTest(ApplicationTest.java:41)
... Removed 25 stack frames]]>
    </failure>
  </testcase> <!-- signUpTest -->
  <testcase name="signUpTest" time="0.004" classname="com.bookmyroom.testng.ApplicationTest">
    <failure type="java.lang.NullPointerException">
      <![CDATA[java.lang.NullPointerException
at com.bookmyroom.pages.SignUpPage.signUp(SignUpPage.java:25)
at com.bookmyroom.testng.ApplicationTest.signUpTest(ApplicationTest.java:41)
... Removed 25 stack frames]]>
    </failure>
  </testcase> <!-- signUpTest -->
  <testcase name="signUpTest" time="0.003" classname="com.bookmyroom.testng.ApplicationTest">
    <failure type="java.lang.NullPointerException">
      <![CDATA[java.lang.NullPointerException
at com.bookmyroom.pages.SignUpPage.signUp(SignUpPage.java:25)
at com.bookmyroom.testng.ApplicationTest.signUpTest(ApplicationTest.java:41)
... Removed 25 stack frames]]>
    </failure>
  </testcase> <!-- signUpTest -->
  <testcase name="signUpTest" time="0.005" classname="com.bookmyroom.testng.ApplicationTest">
    <failure type="java.lang.NullPointerException">
      <![CDATA[java.lang.NullPointerException
at com.bookmyroom.pages.SignUpPage.signUp(SignUpPage.java:25)
at com.bookmyroom.testng.ApplicationTest.signUpTest(ApplicationTest.java:41)
... Removed 25 stack frames]]>
    </failure>
  </testcase> <!-- signUpTest -->
  <testcase name="signUpTest" time="0.015" classname="com.bookmyroom.testng.ApplicationTest">
    <failure type="java.lang.NullPointerException">
      <![CDATA[java.lang.NullPointerException
at com.bookmyroom.pages.SignUpPage.signUp(SignUpPage.java:25)
at com.bookmyroom.testng.ApplicationTest.signUpTest(ApplicationTest.java:41)
... Removed 24 stack frames]]>
    </failure>
  </testcase> <!-- signUpTest -->
  <testcase name="signUpTest" time="0.028" classname="com.bookmyroom.testng.ApplicationTest">
    <failure type="java.lang.NullPointerException">
      <![CDATA[java.lang.NullPointerException
at com.bookmyroom.pages.SignUpPage.signUp(SignUpPage.java:25)
at com.bookmyroom.testng.ApplicationTest.signUpTest(ApplicationTest.java:41)
... Removed 24 stack frames]]>
    </failure>
  </testcase> <!-- signUpTest -->
  <testcase name="signUpTest" time="0.009" classname="com.bookmyroom.testng.ApplicationTest">
    <failure type="java.lang.NullPointerException">
      <![CDATA[java.lang.NullPointerException
at com.bookmyroom.pages.SignUpPage.signUp(SignUpPage.java:25)
at com.bookmyroom.testng.ApplicationTest.signUpTest(ApplicationTest.java:41)
... Removed 24 stack frames]]>
    </failure>
  </testcase> <!-- signUpTest -->
  <testcase name="signUpTest" time="0.002" classname="com.bookmyroom.testng.ApplicationTest">
    <failure type="java.lang.NullPointerException">
      <![CDATA[java.lang.NullPointerException
at com.bookmyroom.pages.SignUpPage.signUp(SignUpPage.java:25)
at com.bookmyroom.testng.ApplicationTest.signUpTest(ApplicationTest.java:41)
... Removed 24 stack frames]]>
    </failure>
  </testcase> <!-- signUpTest -->
</testsuite> <!-- Test -->
